<?xml version="1.0" encoding="UTF-8"?>
<!-- Generated by org.testng.reporters.JUnitReportReporter -->
<testsuite hostname="DESKTOP-1UIQG5E" failures="1" tests="7" name="JBK.JavaByKiranAutomationScenarios.PlanTestNGTestCaseDashBoard" time="1.173" errors="0" timestamp="28 Jul 2023 16:10:30 GMT" skipped="0">
  <testcase classname="JBK.JavaByKiranAutomationScenarios.PlanTestNGTestCaseDashBoard" name="correctLoginWithKiran" time="1.041"/>
  <testcase classname="JBK.JavaByKiranAutomationScenarios.PlanTestNGTestCaseDashBoard" name="seleniumCourse" time="0.021">
    <failure message="expected [true] but found [false]" type="java.lang.AssertionError">
      <![CDATA[java.lang.AssertionError: expected [true] but found [false]
at org.testng.Assert.fail(Assert.java:96)
at org.testng.Assert.failNotEquals(Assert.java:776)
at org.testng.Assert.assertTrue(Assert.java:44)
at org.testng.Assert.assertTrue(Assert.java:54)
at JBK.JavaByKiranAutomationScenarios.PlanTestNGTestCaseDashBoard.seleniumCourse(PlanTestNGTestCaseDashBoard.java:40)
at java.base/jdk.internal.reflect.NativeMethodAccessorImpl.invoke0(Native Method)
at java.base/jdk.internal.reflect.NativeMethodAccessorImpl.invoke(NativeMethodAccessorImpl.java:64)
at java.base/jdk.internal.reflect.DelegatingMethodAccessorImpl.invoke(DelegatingMethodAccessorImpl.java:43)
at java.base/java.lang.reflect.Method.invoke(Method.java:564)
at org.testng.internal.MethodInvocationHelper.invokeMethod(MethodInvocationHelper.java:124)
at org.testng.internal.Invoker.invokeMethod(Invoker.java:583)
at org.testng.internal.Invoker.invokeTestMethod(Invoker.java:719)
at org.testng.internal.Invoker.invokeTestMethods(Invoker.java:989)
at org.testng.internal.TestMethodWorker.invokeTestMethods(TestMethodWorker.java:125)
at org.testng.internal.TestMethodWorker.run(TestMethodWorker.java:109)
at org.testng.TestRunner.privateRun(TestRunner.java:648)
at org.testng.TestRunner.run(TestRunner.java:505)
at org.testng.SuiteRunner.runTest(SuiteRunner.java:455)
at org.testng.SuiteRunner.runSequentially(SuiteRunner.java:450)
at org.testng.SuiteRunner.privateRun(SuiteRunner.java:415)
at org.testng.SuiteRunner.run(SuiteRunner.java:364)
at org.testng.SuiteRunnerWorker.runSuite(SuiteRunnerWorker.java:52)
at org.testng.SuiteRunnerWorker.run(SuiteRunnerWorker.java:84)
at org.testng.TestNG.runSuitesSequentially(TestNG.java:1208)
at org.testng.TestNG.runSuitesLocally(TestNG.java:1137)
at org.testng.TestNG.runSuites(TestNG.java:1049)
at org.testng.TestNG.run(TestNG.java:1017)
at org.testng.remote.AbstractRemoteTestNG.run(AbstractRemoteTestNG.java:115)
at org.testng.remote.RemoteTestNG.initAndRun(RemoteTestNG.java:251)
at org.testng.remote.RemoteTestNG.main(RemoteTestNG.java:77)
]]>
    </failure>
  </testcase> <!-- seleniumCourse -->
  <testcase classname="JBK.JavaByKiranAutomationScenarios.PlanTestNGTestCaseDashBoard" name="JavaJ2EECourse" time="0.016"/>
  <testcase classname="JBK.JavaByKiranAutomationScenarios.PlanTestNGTestCaseDashBoard" name="PythonCourse" time="0.024"/>
  <testcase classname="JBK.JavaByKiranAutomationScenarios.PlanTestNGTestCaseDashBoard" name="PhpCourse" time="0.024"/>
  <testcase classname="JBK.JavaByKiranAutomationScenarios.PlanTestNGTestCaseDashBoard" name="navigationMenu" time="0.031"/>
  <testcase classname="JBK.JavaByKiranAutomationScenarios.PlanTestNGTestCaseDashBoard" name="itemInNavigationMenu" time="0.016"/>
</testsuite> <!-- JBK.JavaByKiranAutomationScenarios.PlanTestNGTestCaseDashBoard -->
